Build started 28/10/2016 11:07:29.
     1>Project "H:\Visual Studio 2015\Projects\Convolutional Encoding Coursework2\Convolutional Encoding Coursework2\Convolutional Encoding Coursework2\Convolutional Encoding Coursework2.vcxproj" on node 2 (Build target(s)).
     1>ClCompile:
         C:\Program Files (x86)\Microsoft Visual Studio 14.0\VC\bin\CL.exe /c /ZI /nologo /W3 /WX- /sdl /Od /Oy- /D _MBCS /Gm /EHsc /RTC1 /MDd /GS /fp:precise /Zc:wchar_t /Zc:forScope /Zc:inline /Fo"Debug\\" /Fd"Debug\vc140.pdb" /Gd /TP /analyze- /errorReport:prompt help.cpp
         help.cpp
     1>h:\visual studio 2015\projects\convolutional encoding coursework2\convolutional encoding coursework2\convolutional encoding coursework2\way_of_decoding.h(204): warning C4800: 'int': forcing value to bool 'true' or 'false' (performance warning)
     1>h:\visual studio 2015\projects\convolutional encoding coursework2\convolutional encoding coursework2\convolutional encoding coursework2\way_of_decoding.h(208): warning C4800: 'int': forcing value to bool 'true' or 'false' (performance warning)
     1>h:\visual studio 2015\projects\convolutional encoding coursework2\convolutional encoding coursework2\convolutional encoding coursework2\way_of_decoding.h(212): warning C4800: 'int': forcing value to bool 'true' or 'false' (performance warning)
     1>h:\visual studio 2015\projects\convolutional encoding coursework2\convolutional encoding coursework2\convolutional encoding coursework2\way_of_decoding.h(216): warning C4800: 'int': forcing value to bool 'true' or 'false' (performance warning)
     1>h:\visual studio 2015\projects\convolutional encoding coursework2\convolutional encoding coursework2\convolutional encoding coursework2\way_of_decoding.h(221): warning C4800: 'int': forcing value to bool 'true' or 'false' (performance warning)
     1>h:\visual studio 2015\projects\convolutional encoding coursework2\convolutional encoding coursework2\convolutional encoding coursework2\way_of_decoding.h(225): warning C4800: 'int': forcing value to bool 'true' or 'false' (performance warning)
     1>h:\visual studio 2015\projects\convolutional encoding coursework2\convolutional encoding coursework2\convolutional encoding coursework2\way_of_decoding.h(229): warning C4800: 'int': forcing value to bool 'true' or 'false' (performance warning)
     1>h:\visual studio 2015\projects\convolutional encoding coursework2\convolutional encoding coursework2\convolutional encoding coursework2\way_of_decoding.h(233): warning C4800: 'int': forcing value to bool 'true' or 'false' (performance warning)
     1>h:\visual studio 2015\projects\convolutional encoding coursework2\convolutional encoding coursework2\convolutional encoding coursework2\way_of_decoding.h(238): warning C4800: 'int': forcing value to bool 'true' or 'false' (performance warning)
     1>h:\visual studio 2015\projects\convolutional encoding coursework2\convolutional encoding coursework2\convolutional encoding coursework2\way_of_decoding.h(242): warning C4800: 'int': forcing value to bool 'true' or 'false' (performance warning)
     1>h:\visual studio 2015\projects\convolutional encoding coursework2\convolutional encoding coursework2\convolutional encoding coursework2\way_of_decoding.h(246): warning C4800: 'int': forcing value to bool 'true' or 'false' (performance warning)
     1>h:\visual studio 2015\projects\convolutional encoding coursework2\convolutional encoding coursework2\convolutional encoding coursework2\way_of_decoding.h(250): warning C4800: 'int': forcing value to bool 'true' or 'false' (performance warning)
     1>h:\visual studio 2015\projects\convolutional encoding coursework2\convolutional encoding coursework2\convolutional encoding coursework2\way_of_decoding.h(255): warning C4800: 'int': forcing value to bool 'true' or 'false' (performance warning)
     1>h:\visual studio 2015\projects\convolutional encoding coursework2\convolutional encoding coursework2\convolutional encoding coursework2\way_of_decoding.h(259): warning C4800: 'int': forcing value to bool 'true' or 'false' (performance warning)
     1>h:\visual studio 2015\projects\convolutional encoding coursework2\convolutional encoding coursework2\convolutional encoding coursework2\way_of_decoding.h(263): warning C4800: 'int': forcing value to bool 'true' or 'false' (performance warning)
     1>h:\visual studio 2015\projects\convolutional encoding coursework2\convolutional encoding coursework2\convolutional encoding coursework2\way_of_decoding.h(267): warning C4800: 'int': forcing value to bool 'true' or 'false' (performance warning)
     1>h:\visual studio 2015\projects\convolutional encoding coursework2\convolutional encoding coursework2\convolutional encoding coursework2\way_of_decoding.h(298): warning C4800: 'int': forcing value to bool 'true' or 'false' (performance warning)
     1>h:\visual studio 2015\projects\convolutional encoding coursework2\convolutional encoding coursework2\convolutional encoding coursework2\way_of_decoding.h(299): warning C4800: 'int': forcing value to bool 'true' or 'false' (performance warning)
     1>h:\visual studio 2015\projects\convolutional encoding coursework2\convolutional encoding coursework2\convolutional encoding coursework2\way_of_decoding.h(338): warning C4800: 'int': forcing value to bool 'true' or 'false' (performance warning)
     1>h:\visual studio 2015\projects\convolutional encoding coursework2\convolutional encoding coursework2\convolutional encoding coursework2\way_of_decoding.h(339): warning C4800: 'int': forcing value to bool 'true' or 'false' (performance warning)
     1>h:\visual studio 2015\projects\convolutional encoding coursework2\convolutional encoding coursework2\convolutional encoding coursework2\way_of_decoding.h(376): warning C4800: 'int': forcing value to bool 'true' or 'false' (performance warning)
     1>h:\visual studio 2015\projects\convolutional encoding coursework2\convolutional encoding coursework2\convolutional encoding coursework2\way_of_decoding.h(377): warning C4800: 'int': forcing value to bool 'true' or 'false' (performance warning)
     1>h:\visual studio 2015\projects\convolutional encoding coursework2\convolutional encoding coursework2\convolutional encoding coursework2\way_of_decoding.h(413): warning C4800: 'int': forcing value to bool 'true' or 'false' (performance warning)
     1>h:\visual studio 2015\projects\convolutional encoding coursework2\convolutional encoding coursework2\convolutional encoding coursework2\way_of_decoding.h(414): warning C4800: 'int': forcing value to bool 'true' or 'false' (performance warning)
     1>h:\visual studio 2015\projects\convolutional encoding coursework2\convolutional encoding coursework2\convolutional encoding coursework2\way_of_decoding.h(454): warning C4800: 'int': forcing value to bool 'true' or 'false' (performance warning)
     1>h:\visual studio 2015\projects\convolutional encoding coursework2\convolutional encoding coursework2\convolutional encoding coursework2\way_of_decoding.h(455): warning C4800: 'int': forcing value to bool 'true' or 'false' (performance warning)
     1>h:\visual studio 2015\projects\convolutional encoding coursework2\convolutional encoding coursework2\convolutional encoding coursework2\way_of_decoding.h(494): warning C4800: 'int': forcing value to bool 'true' or 'false' (performance warning)
     1>h:\visual studio 2015\projects\convolutional encoding coursework2\convolutional encoding coursework2\convolutional encoding coursework2\way_of_decoding.h(495): warning C4800: 'int': forcing value to bool 'true' or 'false' (performance warning)
     1>h:\visual studio 2015\projects\convolutional encoding coursework2\convolutional encoding coursework2\convolutional encoding coursework2\way_of_decoding.h(532): warning C4800: 'int': forcing value to bool 'true' or 'false' (performance warning)
     1>h:\visual studio 2015\projects\convolutional encoding coursework2\convolutional encoding coursework2\convolutional encoding coursework2\way_of_decoding.h(533): warning C4800: 'int': forcing value to bool 'true' or 'false' (performance warning)
     1>h:\visual studio 2015\projects\convolutional encoding coursework2\convolutional encoding coursework2\convolutional encoding coursework2\way_of_decoding.h(570): warning C4800: 'int': forcing value to bool 'true' or 'false' (performance warning)
     1>h:\visual studio 2015\projects\convolutional encoding coursework2\convolutional encoding coursework2\convolutional encoding coursework2\way_of_decoding.h(571): warning C4800: 'int': forcing value to bool 'true' or 'false' (performance warning)
     1>h:\visual studio 2015\projects\convolutional encoding coursework2\convolutional encoding coursework2\convolutional encoding coursework2\way_of_decoding.h(899): warning C4018: '<': signed/unsigned mismatch
     1>h:\visual studio 2015\projects\convolutional encoding coursework2\convolutional encoding coursework2\convolutional encoding coursework2\help.cpp(35): warning C4101: 'xor2_4': unreferenced local variable
     1>h:\visual studio 2015\projects\convolutional encoding coursework2\convolutional encoding coursework2\convolutional encoding coursework2\help.cpp(34): warning C4101: 'xor2_3': unreferenced local variable
     1>h:\visual studio 2015\projects\convolutional encoding coursework2\convolutional encoding coursework2\convolutional encoding coursework2\help.cpp(105): warning C4018: '<': signed/unsigned mismatch
     1>h:\visual studio 2015\projects\convolutional encoding coursework2\convolutional encoding coursework2\convolutional encoding coursework2\help.cpp(109): warning C4101: 't_state': unreferenced local variable
     1>h:\visual studio 2015\projects\convolutional encoding coursework2\convolutional encoding coursework2\convolutional encoding coursework2\xor_gate.h(85): warning C4715: 'XOR::do_xor_with_number': not all control paths return a value
       Link:
         C:\Program Files (x86)\Microsoft Visual Studio 14.0\VC\bin\link.exe /ERRORREPORT:PROMPT /OUT:"H:\Visual Studio 2015\Projects\Convolutional Encoding Coursework2\Convolutional Encoding Coursework2\Debug\Convolutional Encoding Coursework2.exe" /INCREMENTAL /NOLOGO kernel32.lib user32.lib gdi32.lib winspool.lib comdlg32.lib advapi32.lib shell32.lib ole32.lib oleaut32.lib uuid.lib odbc32.lib odbccp32.lib /MANIFEST /MANIFESTUAC:"level='asInvoker' uiAccess='false'" /manifest:embed /Debug /PDB:"H:\Visual Studio 2015\Projects\Convolutional Encoding Coursework2\Convolutional Encoding Coursework2\Debug\Convolutional Encoding Coursework2.pdb" /TLBID:1 /DYNAMICBASE /NXCOMPAT /IMPLIB:"H:\Visual Studio 2015\Projects\Convolutional Encoding Coursework2\Convolutional Encoding Coursework2\Debug\Convolutional Encoding Coursework2.lib" /MACHINE:X86 Debug\help.obj
         Convolutional Encoding Coursework2.vcxproj -> H:\Visual Studio 2015\Projects\Convolutional Encoding Coursework2\Convolutional Encoding Coursework2\Debug\Convolutional Encoding Coursework2.exe
     1>Done Building Project "H:\Visual Studio 2015\Projects\Convolutional Encoding Coursework2\Convolutional Encoding Coursework2\Convolutional Encoding Coursework2\Convolutional Encoding Coursework2.vcxproj" (Build target(s)).

Build succeeded.

Time Elapsed 00:00:06.10
